<?xml version="1.0" encoding="UTF-8"?>
<!-- Generated by org.testng.reporters.JUnitXMLReporter -->
<testsuite hostname="LAPTOP-U3C8G3RJ" ignored="0" name="Test" tests="10" failures="0" timestamp="2021-04-04T19:28:56 IST" time="0.904" errors="0">
  <testcase name="Createorganization" time="0.534" classname="com.testyantra.cropintest.CreateorganizationTest"/>
  <testcase name="CreateVendor" time="0.042" classname="com.testyantra.cropintest.CreateVendorTest"/>
  <testcase name="createContact" time="0.035" classname="com.testyantra.cropintest.CreateContactTest"/>
  <testcase name="createContact" time="0.034" classname="com.testyantra.cropintest.CreatePurchaseOrderTest"/>
  <testcase name="createContact" time="0.029" classname="com.testyantra.cropintest.CreateCampaignTest"/>
  <testcase name="createContact" time="0.036" classname="com.testyantra.cropintest.DateTest"/>
  <testcase name="CreateLead" time="0.058" classname="com.testyantra.cropintest.CreateLeadTest"/>
  <testcase name="CreateProduct" time="0.025" classname="com.testyantra.cropintest.CreateProductTest"/>
  <testcase name="createContact" time="0.033" classname="com.testyantra.cropintest.SettingTest"/>
  <testcase name="createContact" time="0.024" classname="com.testyantra.cropintest.DeleteContactTest"/>
</testsuite> <!-- Test -->
